# JRE version: OpenJDK Runtime Environment (11.0.10) (build 11.0.10+0-b96-7249189)
# Java VM: OpenJDK 64-Bit Server VM (11.0.10+0-b96-7249189, mixed mode, tiered, compressed oops, g1 gc, windows-amd64)
Heap:
 garbage-first heap   total 189440K, used 164359K [0x0000000080000000, 0x0000000100000000)
  region size 1024K, 82 young (83968K), 7 survivors (7168K)
 Metaspace       used 109756K, capacity 112382K, committed 112588K, reserved 1146880K
  class space    used 13482K, capacity 14417K, committed 14540K, reserved 1048576K
GC Heap History (20 events):
Event: 91.990 GC heap after
{Heap after GC invocations=31 (full 0):
 garbage-first heap   total 189440K, used 80180K [0x0000000080000000, 0x0000000100000000)
  region size 1024K, 3 young (3072K), 3 survivors (3072K)
 Metaspace       used 103219K, capacity 105638K, committed 105804K, reserved 1140736K
  class space    used 12727K, capacity 13585K, committed 13644K, reserved 1048576K
}
Event: 93.994 GC heap before
{Heap before GC invocations=31 (full 0):
 garbage-first heap   total 189440K, used 152884K [0x0000000080000000, 0x0000000100000000)
  region size 1024K, 73 young (74752K), 3 survivors (3072K)
 Metaspace       used 104553K, capacity 106979K, committed 107340K, reserved 1142784K
  class space    used 12897K, capacity 13774K, committed 13900K, reserved 1048576K
}
Event: 94.006 GC heap after
{Heap after GC invocations=32 (full 0):
 garbage-first heap   total 189440K, used 81522K [0x0000000080000000, 0x0000000100000000)
  region size 1024K, 4 young (4096K), 4 survivors (4096K)
 Metaspace       used 104553K, capacity 106979K, committed 107340K, reserved 1142784K
  class space    used 12897K, capacity 13774K, committed 13900K, reserved 1048576K
}
Event: 99.687 GC heap before
{Heap before GC invocations=32 (full 0):
 garbage-first heap   total 189440K, used 153202K [0x0000000080000000, 0x0000000100000000)
  region size 1024K, 75 young (76800K), 4 survivors (4096K)
 Metaspace       used 107217K, capacity 109692K, committed 109900K, reserved 1144832K
  class space    used 13230K, capacity 14128K, committed 14156K, reserved 1048576K
}
Event: 99.703 GC heap after
{Heap after GC invocations=33 (full 0):
 garbage-first heap   total 189440K, used 82812K [0x0000000080000000, 0x0000000100000000)
  region size 1024K, 6 young (6144K), 6 survivors (6144K)
 Metaspace       used 107217K, capacity 109692K, committed 109900K, reserved 1144832K
  class space    used 13230K, capacity 14128K, committed 14156K, reserved 1048576K
}
Event: 110.395 GC heap before
{Heap before GC invocations=33 (full 0):
 garbage-first heap   total 189440K, used 153468K [0x0000000080000000, 0x0000000100000000)
  region size 1024K, 76 young (77824K), 6 survivors (6144K)
 Metaspace       used 108195K, capacity 110750K, committed 111052K, reserved 1146880K
  class space    used 13286K, capacity 14184K, committed 14284K, reserved 1048576K
}
Event: 110.409 GC heap after
{Heap after GC invocations=34 (full 0):
 garbage-first heap   total 189440K, used 84693K [0x0000000080000000, 0x0000000100000000)
  region size 1024K, 7 young (7168K), 7 survivors (7168K)
 Metaspace       used 108195K, capacity 110750K, committed 111052K, reserved 1146880K
  class space    used 13286K, capacity 14184K, committed 14284K, reserved 1048576K
}
Event: 112.056 GC heap before
{Heap before GC invocations=34 (full 0):
 garbage-first heap   total 189440K, used 158421K [0x0000000080000000, 0x0000000100000000)
  region size 1024K, 78 young (79872K), 7 survivors (7168K)
 Metaspace       used 108773K, capacity 111450K, committed 111564K, reserved 1146880K
  class space    used 13337K, capacity 14261K, committed 14284K, reserved 1048576K
}
Event: 112.074 GC heap after
{Heap after GC invocations=35 (full 0):
 garbage-first heap   total 189440K, used 87924K [0x0000000080000000, 0x0000000100000000)
  region size 1024K, 6 young (6144K), 6 survivors (6144K)
 Metaspace       used 108773K, capacity 111450K, committed 111564K, reserved 1146880K
  class space    used 13337K, capacity 14261K, committed 14284K, reserved 1048576K
}
Event: 113.142 GC heap before
{Heap before GC invocations=35 (full 0):
 garbage-first heap   total 189440K, used 159604K [0x0000000080000000, 0x0000000100000000)
  region size 1024K, 76 young (77824K), 6 survivors (6144K)
 Metaspace       used 108908K, capacity 111567K, committed 111692K, reserved 1146880K
  class space    used 13358K, capacity 14297K, committed 14412K, reserved 1048576K
}
Event: 113.156 GC heap after
{Heap after GC invocations=36 (full 0):
 garbage-first heap   total 189440K, used 88404K [0x0000000080000000, 0x0000000100000000)
  region size 1024K, 6 young (6144K), 6 survivors (6144K)
 Metaspace       used 108908K, capacity 111567K, committed 111692K, reserved 1146880K
  class space    used 13358K, capacity 14297K, committed 14412K, reserved 1048576K
}
Event: 113.976 GC heap before
{Heap before GC invocations=36 (full 0):
 garbage-first heap   total 189440K, used 160084K [0x0000000080000000, 0x0000000100000000)
  region size 1024K, 76 young (77824K), 6 survivors (6144K)
 Metaspace       used 108914K, capacity 111567K, committed 111692K, reserved 1146880K
  class space    used 13358K, capacity 14297K, committed 14412K, reserved 1048576K
}
Event: 113.988 GC heap after
{Heap after GC invocations=37 (full 0):
 garbage-first heap   total 189440K, used 85538K [0x0000000080000000, 0x0000000100000000)
  region size 1024K, 5 young (5120K), 5 survivors (5120K)
 Metaspace       used 108914K, capacity 111567K, committed 111692K, reserved 1146880K
  class space    used 13358K, capacity 14297K, committed 14412K, reserved 1048576K
}
Event: 114.941 GC heap before
{Heap before GC invocations=37 (full 0):
 garbage-first heap   total 189440K, used 161314K [0x0000000080000000, 0x0000000100000000)
  region size 1024K, 78 young (79872K), 5 survivors (5120K)
 Metaspace       used 108949K, capacity 111570K, committed 111692K, reserved 1146880K
  class space    used 13361K, capacity 14298K, committed 14412K, reserved 1048576K
}
Event: 114.953 GC heap after
{Heap after GC invocations=38 (full 0):
 garbage-first heap   total 189440K, used 87867K [0x0000000080000000, 0x0000000100000000)
  region size 1024K, 5 young (5120K), 5 survivors (5120K)
 Metaspace       used 108949K, capacity 111570K, committed 111692K, reserved 1146880K
  class space    used 13361K, capacity 14298K, committed 14412K, reserved 1048576K
}
Event: 115.828 GC heap before
{Heap before GC invocations=38 (full 0):
 garbage-first heap   total 189440K, used 161595K [0x0000000080000000, 0x0000000100000000)
  region size 1024K, 78 young (79872K), 5 survivors (5120K)
 Metaspace       used 108949K, capacity 111570K, committed 111692K, reserved 1146880K
  class space    used 13361K, capacity 14298K, committed 14412K, reserved 1048576K
}
Event: 115.842 GC heap after
{Heap after GC invocations=39 (full 0):
 garbage-first heap   total 189440K, used 89331K [0x0000000080000000, 0x0000000100000000)
  region size 1024K, 7 young (7168K), 7 survivors (7168K)
 Metaspace       used 108949K, capacity 111570K, committed 111692K, reserved 1146880K
  class space    used 13361K, capacity 14298K, committed 14412K, reserved 1048576K
}
Event: 117.404 GC heap before
{Heap before GC invocations=39 (full 0):
 garbage-first heap   total 189440K, used 162035K [0x0000000080000000, 0x0000000100000000)
  region size 1024K, 78 young (79872K), 7 survivors (7168K)
 Metaspace       used 108971K, capacity 111579K, committed 111692K, reserved 1146880K
  class space    used 13364K, capacity 14301K, committed 14412K, reserved 1048576K
}
Event: 117.416 GC heap after
{Heap after GC invocations=40 (full 0):
 garbage-first heap   total 189440K, used 85514K [0x0000000080000000, 0x0000000100000000)
  region size 1024K, 3 young (3072K), 3 survivors (3072K)
 Metaspace       used 108971K, capacity 111579K, committed 111692K, reserved 1146880K
  class space    used 13364K, capacity 14301K, committed 14412K, reserved 1048576K
}
Event: 118.517 GC heap before
{Heap before GC invocations=40 (full 0):
 garbage-first heap   total 189440K, used 163338K [0x0000000080000000, 0x0000000100000000)
  region size 1024K, 78 young (79872K), 3 survivors (3072K)
 Metaspace       used 109756K, capacity 112382K, committed 112588K, reserved 1146880K
  class space    used 13482K, capacity 14417K, committed 14540K, reserved 1048576K
}

